<?xml version="1.0" encoding="UTF-8"?>
<testng-results ignored="0" total="1" passed="1" failed="0" skipped="0">
  <reporter-output>
    <line>
      <![CDATA[User is successfully navigated to Economics]]>
    </line>
    <line>
      <![CDATA[User is successfully navigated to Finance and Capital markets]]>
    </line>
  </reporter-output>
  <suite started-at="2022-06-03T11:00:37 IST" name="Suite" finished-at="2022-06-03T11:01:02 IST" duration-ms="25325">
    <groups>
    </groups>
    <test started-at="2022-06-03T11:00:37 IST" name="Test" finished-at="2022-06-03T11:01:02 IST" duration-ms="25325">
      <class name="testcases.KhanAcademyTest">
        <test-method is-config="true" signature="setup()[pri:0, instance:testcases.KhanAcademyTest@9597028]" started-at="2022-06-03T11:00:37 IST" name="setup" finished-at="2022-06-03T11:00:49 IST" duration-ms="12525" status="PASS">
          <reporter-output>
          </reporter-output>
        </test-method> <!-- setup -->
        <test-method signature="test()[pri:0, instance:testcases.KhanAcademyTest@9597028]" started-at="2022-06-03T11:00:49 IST" name="test" finished-at="2022-06-03T11:01:02 IST" duration-ms="12755" status="PASS">
          <reporter-output>
            <line>
              <![CDATA[User is successfully navigated to Economics]]>
            </line>
            <line>
              <![CDATA[User is successfully navigated to Finance and Capital markets]]>
            </line>
          </reporter-output>
        </test-method> <!-- test -->
      </class> <!-- testcases.KhanAcademyTest -->
    </test> <!-- Test -->
  </suite> <!-- Suite -->
</testng-results>
